# JRE version: Java(TM) SE Runtime Environment (8.0_60-b27) (build 1.8.0_60-b27)
# Java VM: Java HotSpot(TM) Server VM (25.60-b23 mixed mode linux-x86 )
Heap:
 PSYoungGen      total 316928K, used 292485K [0x91ac0000, 0xa7000000, 0xa7000000)
  eden space 299264K, 91% used [0x91ac0000,0xa2722ea0,0xa3f00000)
  from space 17664K, 99% used [0xa5ec0000,0xa6ffe750,0xa7000000)
  to   space 25088K, 0% used [0xa3f00000,0xa3f00000,0xa5780000)
 ParOldGen       total 132864K, used 68760K [0x67000000, 0x6f1c0000, 0x91ac0000)
  object space 132864K, 51% used [0x67000000,0x6b326090,0x6f1c0000)
 Metaspace       used 48775K, capacity 51698K, committed 51712K, reserved 52528K
GC Heap History (10 events):
Event: 5468,491 GC heap before
{Heap before GC invocations=52 (full 15):
 PSYoungGen      total 328960K, used 30883K [0x91ac0000, 0xa7000000, 0xa7000000)
  eden space 310784K, 6% used [0x91ac0000,0x92d93ff8,0xa4a40000)
  from space 18176K, 63% used [0xa5c80000,0xa67d4ec8,0xa6e40000)
  to   space 18688K, 0% used [0xa4a40000,0xa4a40000,0xa5c80000)
 ParOldGen       total 132864K, used 58000K [0x67000000, 0x6f1c0000, 0x91ac0000)
  object space 132864K, 43% used [0x67000000,0x6a8a41e8,0x6f1c0000)
 Metaspace       used 43131K, capacity 45662K, committed 45696K, reserved 46384K
Event: 5468,504 GC heap after
Heap after GC invocations=52 (full 15):
 PSYoungGen      total 329472K, used 4223K [0x91ac0000, 0xa7000000, 0xa7000000)
  eden space 310784K, 0% used [0x91ac0000,0x91ac0000,0xa4a40000)
  from space 18688K, 22% used [0xa4a40000,0xa4e5fea0,0xa5c80000)
  to   space 18176K, 0% used [0xa5e40000,0xa5e40000,0xa7000000)
 ParOldGen       total 132864K, used 58004K [0x67000000, 0x6f1c0000, 0x91ac0000)
  object space 132864K, 43% used [0x67000000,0x6a8a51e8,0x6f1c0000)
 Metaspace       used 43131K, capacity 45662K, committed 45696K, reserved 46384K
}
Event: 5468,504 GC heap before
{Heap before GC invocations=53 (full 16):
 PSYoungGen      total 329472K, used 4223K [0x91ac0000, 0xa7000000, 0xa7000000)
  eden space 310784K, 0% used [0x91ac0000,0x91ac0000,0xa4a40000)
  from space 18688K, 22% used [0xa4a40000,0xa4e5fea0,0xa5c80000)
  to   space 18176K, 0% used [0xa5e40000,0xa5e40000,0xa7000000)
 ParOldGen       total 132864K, used 58004K [0x67000000, 0x6f1c0000, 0x91ac0000)
  object space 132864K, 43% used [0x67000000,0x6a8a51e8,0x6f1c0000)
 Metaspace       used 43131K, capacity 45662K, committed 45696K, reserved 46384K
Event: 5468,831 GC heap after
Heap after GC invocations=53 (full 16):
 PSYoungGen      total 329472K, used 0K [0x91ac0000, 0xa7000000, 0xa7000000)
  eden space 310784K, 0% used [0x91ac0000,0x91ac0000,0xa4a40000)
  from space 18688K, 0% used [0xa4a40000,0xa4a40000,0xa5c80000)
  to   space 18176K, 0% used [0xa5e40000,0xa5e40000,0xa7000000)
 ParOldGen       total 132864K, used 55565K [0x67000000, 0x6f1c0000, 0x91ac0000)
  object space 132864K, 41% used [0x67000000,0x6a6434f0,0x6f1c0000)
 Metaspace       used 43131K, capacity 45662K, committed 45696K, reserved 46384K
}
Event: 5504,820 GC heap before
{Heap before GC invocations=54 (full 16):
 PSYoungGen      total 329472K, used 310784K [0x91ac0000, 0xa7000000, 0xa7000000)
  eden space 310784K, 100% used [0x91ac0000,0xa4a40000,0xa4a40000)
  from space 18688K, 0% used [0xa4a40000,0xa4a40000,0xa5c80000)
  to   space 18176K, 0% used [0xa5e40000,0xa5e40000,0xa7000000)
 ParOldGen       total 132864K, used 55565K [0x67000000, 0x6f1c0000, 0x91ac0000)
  object space 132864K, 41% used [0x67000000,0x6a6434f0,0x6f1c0000)
 Metaspace       used 43513K, capacity 46229K, committed 46336K, reserved 46384K
Event: 5504,839 GC heap after
Heap after GC invocations=54 (full 16):
 PSYoungGen      total 328192K, used 7568K [0x91ac0000, 0xa6d80000, 0xa7000000)
  eden space 312576K, 0% used [0x91ac0000,0x91ac0000,0xa4c00000)
  from space 15616K, 48% used [0xa5e40000,0xa65a43c8,0xa6d80000)
  to   space 17152K, 0% used [0xa4c00000,0xa4c00000,0xa5cc0000)
 ParOldGen       total 132864K, used 55569K [0x67000000, 0x6f1c0000, 0x91ac0000)
  object space 132864K, 41% used [0x67000000,0x6a6444f0,0x6f1c0000)
 Metaspace       used 43513K, capacity 46229K, committed 46336K, reserved 46384K
}
Event: 5527,782 GC heap before
{Heap before GC invocations=55 (full 16):
 PSYoungGen      total 328192K, used 320144K [0x91ac0000, 0xa6d80000, 0xa7000000)
  eden space 312576K, 100% used [0x91ac0000,0xa4c00000,0xa4c00000)
  from space 15616K, 48% used [0xa5e40000,0xa65a43c8,0xa6d80000)
  to   space 17152K, 0% used [0xa4c00000,0xa4c00000,0xa5cc0000)
 ParOldGen       total 132864K, used 55569K [0x67000000, 0x6f1c0000, 0x91ac0000)
  object space 132864K, 41% used [0x67000000,0x6a6444f0,0x6f1c0000)
 Metaspace       used 44009K, capacity 46800K, committed 46848K, reserved 47408K
Event: 5527,805 GC heap after
Heap after GC invocations=55 (full 16):
 PSYoungGen      total 329728K, used 11576K [0x91ac0000, 0xa7000000, 0xa7000000)
  eden space 312576K, 0% used [0x91ac0000,0x91ac0000,0xa4c00000)
  from space 17152K, 67% used [0xa4c00000,0xa574e150,0xa5cc0000)
  to   space 17664K, 0% used [0xa5ec0000,0xa5ec0000,0xa7000000)
 ParOldGen       total 132864K, used 55573K [0x67000000, 0x6f1c0000, 0x91ac0000)
  object space 132864K, 41% used [0x67000000,0x6a6454f0,0x6f1c0000)
 Metaspace       used 44009K, capacity 46800K, committed 46848K, reserved 47408K
}
Event: 5538,819 GC heap before
{Heap before GC invocations=56 (full 16):
 PSYoungGen      total 329728K, used 324152K [0x91ac0000, 0xa7000000, 0xa7000000)
  eden space 312576K, 100% used [0x91ac0000,0xa4c00000,0xa4c00000)
  from space 17152K, 67% used [0xa4c00000,0xa574e150,0xa5cc0000)
  to   space 17664K, 0% used [0xa5ec0000,0xa5ec0000,0xa7000000)
 ParOldGen       total 132864K, used 55573K [0x67000000, 0x6f1c0000, 0x91ac0000)
  object space 132864K, 41% used [0x67000000,0x6a6454f0,0x6f1c0000)
 Metaspace       used 48467K, capacity 51306K, committed 51328K, reserved 51504K
Event: 5538,892 GC heap after
Heap after GC invocations=56 (full 16):
 PSYoungGen      total 316928K, used 17657K [0x91ac0000, 0xa7000000, 0xa7000000)
  eden space 299264K, 0% used [0x91ac0000,0x91ac0000,0xa3f00000)
  from space 17664K, 99% used [0xa5ec0000,0xa6ffe750,0xa7000000)
  to   space 25088K, 0% used [0xa3f00000,0xa3f00000,0xa5780000)
 ParOldGen       total 132864K, used 68760K [0x67000000, 0x6f1c0000, 0x91ac0000)
  object space 132864K, 51% used [0x67000000,0x6b326090,0x6f1c0000)
 Metaspace       used 48467K, capacity 51306K, committed 51328K, reserved 51504K
}

