# JRE version: Java(TM) SE Runtime Environment (8.0_60-b27) (build 1.8.0_60-b27)
# Java VM: Java HotSpot(TM) Server VM (25.60-b23 mixed mode linux-x86 )
Heap:
 PSYoungGen      total 35840K, used 2404K [0x91ac0000, 0x94040000, 0xa7000000)
  eden space 33280K, 0% used [0x91ac0000,0x91ac0000,0x93b40000)
  from space 2560K, 93% used [0x93b40000,0x93d99330,0x93dc0000)
  to   space 2560K, 0% used [0x93dc0000,0x93dc0000,0x94040000)
 ParOldGen       total 48640K, used 15326K [0x67000000, 0x69f80000, 0x91ac0000)
  object space 48640K, 31% used [0x67000000,0x67ef7b20,0x69f80000)
 Metaspace       used 4953K, capacity 4972K, committed 5016K, reserved 5424K
GC Heap History (10 events):
Event: 1,362 GC heap after
Heap after GC invocations=1 (full 0):
 PSYoungGen      total 19200K, used 2558K [0x91ac0000, 0x93000000, 0xa7000000)
  eden space 16640K, 0% used [0x91ac0000,0x91ac0000,0x92b00000)
  from space 2560K, 99% used [0x92b00000,0x92d7f8d0,0x92d80000)
  to   space 2560K, 0% used [0x92d80000,0x92d80000,0x93000000)
 ParOldGen       total 43776K, used 2000K [0x67000000, 0x69ac0000, 0x91ac0000)
  object space 43776K, 4% used [0x67000000,0x671f41a0,0x69ac0000)
 Metaspace       used 3625K, capacity 3648K, committed 3736K, reserved 4400K
}
Event: 2,180 GC heap before
{Heap before GC invocations=2 (full 0):
 PSYoungGen      total 19200K, used 19198K [0x91ac0000, 0x93000000, 0xa7000000)
  eden space 16640K, 100% used [0x91ac0000,0x92b00000,0x92b00000)
  from space 2560K, 99% used [0x92b00000,0x92d7f8d0,0x92d80000)
  to   space 2560K, 0% used [0x92d80000,0x92d80000,0x93000000)
 ParOldGen       total 43776K, used 2000K [0x67000000, 0x69ac0000, 0x91ac0000)
  object space 43776K, 4% used [0x67000000,0x671f41a0,0x69ac0000)
 Metaspace       used 4883K, capacity 4940K, committed 5016K, reserved 5424K
Event: 2,189 GC heap after
Heap after GC invocations=2 (full 0):
 PSYoungGen      total 19200K, used 2559K [0x91ac0000, 0x93000000, 0xa7000000)
  eden space 16640K, 0% used [0x91ac0000,0x91ac0000,0x92b00000)
  from space 2560K, 99% used [0x92d80000,0x92ffff70,0x93000000)
  to   space 2560K, 0% used [0x92b00000,0x92b00000,0x92d80000)
 ParOldGen       total 43776K, used 5639K [0x67000000, 0x69ac0000, 0x91ac0000)
  object space 43776K, 12% used [0x67000000,0x67581d90,0x69ac0000)
 Metaspace       used 4883K, capacity 4940K, committed 5016K, reserved 5424K
}
Event: 2,426 GC heap before
{Heap before GC invocations=3 (full 0):
 PSYoungGen      total 19200K, used 19199K [0x91ac0000, 0x93000000, 0xa7000000)
  eden space 16640K, 100% used [0x91ac0000,0x92b00000,0x92b00000)
  from space 2560K, 99% used [0x92d80000,0x92ffff70,0x93000000)
  to   space 2560K, 0% used [0x92b00000,0x92b00000,0x92d80000)
 ParOldGen       total 43776K, used 5639K [0x67000000, 0x69ac0000, 0x91ac0000)
  object space 43776K, 12% used [0x67000000,0x67581d90,0x69ac0000)
 Metaspace       used 4931K, capacity 4972K, committed 5016K, reserved 5424K
Event: 2,441 GC heap after
Heap after GC invocations=3 (full 0):
 PSYoungGen      total 19200K, used 2559K [0x91ac0000, 0x94040000, 0xa7000000)
  eden space 16640K, 0% used [0x91ac0000,0x91ac0000,0x92b00000)
  from space 2560K, 99% used [0x92b00000,0x92d7ff70,0x92d80000)
  to   space 2560K, 0% used [0x93dc0000,0x93dc0000,0x94040000)
 ParOldGen       total 43776K, used 12369K [0x67000000, 0x69ac0000, 0x91ac0000)
  object space 43776K, 28% used [0x67000000,0x67c146c0,0x69ac0000)
 Metaspace       used 4931K, capacity 4972K, committed 5016K, reserved 5424K
}
Event: 2,555 GC heap before
{Heap before GC invocations=4 (full 0):
 PSYoungGen      total 19200K, used 19199K [0x91ac0000, 0x94040000, 0xa7000000)
  eden space 16640K, 100% used [0x91ac0000,0x92b00000,0x92b00000)
  from space 2560K, 99% used [0x92b00000,0x92d7ff70,0x92d80000)
  to   space 2560K, 0% used [0x93dc0000,0x93dc0000,0x94040000)
 ParOldGen       total 43776K, used 12369K [0x67000000, 0x69ac0000, 0x91ac0000)
  object space 43776K, 28% used [0x67000000,0x67c146c0,0x69ac0000)
 Metaspace       used 4939K, capacity 4972K, committed 5016K, reserved 5424K
Event: 2,583 GC heap after
Heap after GC invocations=4 (full 0):
 PSYoungGen      total 35840K, used 2554K [0x91ac0000, 0x94040000, 0xa7000000)
  eden space 33280K, 0% used [0x91ac0000,0x91ac0000,0x93b40000)
  from space 2560K, 99% used [0x93dc0000,0x9403e848,0x94040000)
  to   space 2560K, 0% used [0x93b40000,0x93b40000,0x93dc0000)
 ParOldGen       total 43776K, used 28050K [0x67000000, 0x69ac0000, 0x91ac0000)
  object space 43776K, 64% used [0x67000000,0x68b64a18,0x69ac0000)
 Metaspace       used 4939K, capacity 4972K, committed 5016K, reserved 5424K
}
Event: 2,583 GC heap before
{Heap before GC invocations=5 (full 1):
 PSYoungGen      total 35840K, used 2554K [0x91ac0000, 0x94040000, 0xa7000000)
  eden space 33280K, 0% used [0x91ac0000,0x91ac0000,0x93b40000)
  from space 2560K, 99% used [0x93dc0000,0x9403e848,0x94040000)
  to   space 2560K, 0% used [0x93b40000,0x93b40000,0x93dc0000)
 ParOldGen       total 43776K, used 28050K [0x67000000, 0x69ac0000, 0x91ac0000)
  object space 43776K, 64% used [0x67000000,0x68b64a18,0x69ac0000)
 Metaspace       used 4939K, capacity 4972K, committed 5016K, reserved 5424K
Event: 2,629 GC heap after
Heap after GC invocations=5 (full 1):
 PSYoungGen      total 35840K, used 0K [0x91ac0000, 0x94040000, 0xa7000000)
  eden space 33280K, 0% used [0x91ac0000,0x91ac0000,0x93b40000)
  from space 2560K, 0% used [0x93dc0000,0x93dc0000,0x94040000)
  to   space 2560K, 0% used [0x93b40000,0x93b40000,0x93dc0000)
 ParOldGen       total 48640K, used 11932K [0x67000000, 0x69f80000, 0x91ac0000)
  object space 48640K, 24% used [0x67000000,0x67ba71e0,0x69f80000)
 Metaspace       used 4939K, capacity 4972K, committed 5016K, reserved 5424K
}
Event: 2,830 GC heap before
{Heap before GC invocations=6 (full 1):
 PSYoungGen      total 35840K, used 33280K [0x91ac0000, 0x94040000, 0xa7000000)
  eden space 33280K, 100% used [0x91ac0000,0x93b40000,0x93b40000)
  from space 2560K, 0% used [0x93dc0000,0x93dc0000,0x94040000)
  to   space 2560K, 0% used [0x93b40000,0x93b40000,0x93dc0000)
 ParOldGen       total 48640K, used 11932K [0x67000000, 0x69f80000, 0x91ac0000)
  object space 48640K, 24% used [0x67000000,0x67ba71e0,0x69f80000)
 Metaspace       used 4953K, capacity 4972K, committed 5016K, reserved 5424K

