# JRE version: Java(TM) SE Runtime Environment (8.0_60-b27) (build 1.8.0_60-b27)
# Java VM: Java HotSpot(TM) Server VM (25.60-b23 mixed mode linux-x86 )
Heap:
 PSYoungGen      total 35840K, used 2532K [0x91ac0000, 0x94040000, 0xa7000000)
  eden space 33280K, 0% used [0x91ac0000,0x91ac0000,0x93b40000)
  from space 2560K, 98% used [0x93b40000,0x93db9330,0x93dc0000)
  to   space 2560K, 0% used [0x93dc0000,0x93dc0000,0x94040000)
 ParOldGen       total 49408K, used 11704K [0x67000000, 0x6a040000, 0x91ac0000)
  object space 49408K, 23% used [0x67000000,0x67b6e370,0x6a040000)
 Metaspace       used 4966K, capacity 5004K, committed 5016K, reserved 5424K
GC Heap History (10 events):
Event: 1,157 GC heap after
Heap after GC invocations=1 (full 0):
 PSYoungGen      total 19200K, used 2558K [0x91ac0000, 0x93000000, 0xa7000000)
  eden space 16640K, 0% used [0x91ac0000,0x91ac0000,0x92b00000)
  from space 2560K, 99% used [0x92b00000,0x92d7fb38,0x92d80000)
  to   space 2560K, 0% used [0x92d80000,0x92d80000,0x93000000)
 ParOldGen       total 43776K, used 2070K [0x67000000, 0x69ac0000, 0x91ac0000)
  object space 43776K, 4% used [0x67000000,0x67205b28,0x69ac0000)
 Metaspace       used 3621K, capacity 3646K, committed 3736K, reserved 4400K
}
Event: 2,524 GC heap before
{Heap before GC invocations=2 (full 0):
 PSYoungGen      total 19200K, used 19198K [0x91ac0000, 0x93000000, 0xa7000000)
  eden space 16640K, 100% used [0x91ac0000,0x92b00000,0x92b00000)
  from space 2560K, 99% used [0x92b00000,0x92d7fb38,0x92d80000)
  to   space 2560K, 0% used [0x92d80000,0x92d80000,0x93000000)
 ParOldGen       total 43776K, used 2070K [0x67000000, 0x69ac0000, 0x91ac0000)
  object space 43776K, 4% used [0x67000000,0x67205b28,0x69ac0000)
 Metaspace       used 4909K, capacity 4940K, committed 5016K, reserved 5424K
Event: 2,536 GC heap after
Heap after GC invocations=2 (full 0):
 PSYoungGen      total 19200K, used 2554K [0x91ac0000, 0x93000000, 0xa7000000)
  eden space 16640K, 0% used [0x91ac0000,0x91ac0000,0x92b00000)
  from space 2560K, 99% used [0x92d80000,0x92ffe858,0x93000000)
  to   space 2560K, 0% used [0x92b00000,0x92b00000,0x92d80000)
 ParOldGen       total 43776K, used 6064K [0x67000000, 0x69ac0000, 0x91ac0000)
  object space 43776K, 13% used [0x67000000,0x675ec388,0x69ac0000)
 Metaspace       used 4909K, capacity 4940K, committed 5016K, reserved 5424K
}
Event: 2,749 GC heap before
{Heap before GC invocations=3 (full 0):
 PSYoungGen      total 19200K, used 19194K [0x91ac0000, 0x93000000, 0xa7000000)
  eden space 16640K, 100% used [0x91ac0000,0x92b00000,0x92b00000)
  from space 2560K, 99% used [0x92d80000,0x92ffe858,0x93000000)
  to   space 2560K, 0% used [0x92b00000,0x92b00000,0x92d80000)
 ParOldGen       total 43776K, used 6064K [0x67000000, 0x69ac0000, 0x91ac0000)
  object space 43776K, 13% used [0x67000000,0x675ec388,0x69ac0000)
 Metaspace       used 4952K, capacity 5004K, committed 5016K, reserved 5424K
Event: 2,766 GC heap after
Heap after GC invocations=3 (full 0):
 PSYoungGen      total 19200K, used 2552K [0x91ac0000, 0x94040000, 0xa7000000)
  eden space 16640K, 0% used [0x91ac0000,0x91ac0000,0x92b00000)
  from space 2560K, 99% used [0x92b00000,0x92d7e188,0x92d80000)
  to   space 2560K, 0% used [0x93dc0000,0x93dc0000,0x94040000)
 ParOldGen       total 43776K, used 12787K [0x67000000, 0x69ac0000, 0x91ac0000)
  object space 43776K, 29% used [0x67000000,0x67c7cd40,0x69ac0000)
 Metaspace       used 4952K, capacity 5004K, committed 5016K, reserved 5424K
}
Event: 2,895 GC heap before
{Heap before GC invocations=4 (full 0):
 PSYoungGen      total 19200K, used 19192K [0x91ac0000, 0x94040000, 0xa7000000)
  eden space 16640K, 100% used [0x91ac0000,0x92b00000,0x92b00000)
  from space 2560K, 99% used [0x92b00000,0x92d7e188,0x92d80000)
  to   space 2560K, 0% used [0x93dc0000,0x93dc0000,0x94040000)
 ParOldGen       total 43776K, used 12787K [0x67000000, 0x69ac0000, 0x91ac0000)
  object space 43776K, 29% used [0x67000000,0x67c7cd40,0x69ac0000)
 Metaspace       used 4957K, capacity 5004K, committed 5016K, reserved 5424K
Event: 2,933 GC heap after
Heap after GC invocations=4 (full 0):
 PSYoungGen      total 35840K, used 2552K [0x91ac0000, 0x94040000, 0xa7000000)
  eden space 33280K, 0% used [0x91ac0000,0x91ac0000,0x93b40000)
  from space 2560K, 99% used [0x93dc0000,0x9403e188,0x94040000)
  to   space 2560K, 0% used [0x93b40000,0x93b40000,0x93dc0000)
 ParOldGen       total 43776K, used 30183K [0x67000000, 0x69ac0000, 0x91ac0000)
  object space 43776K, 68% used [0x67000000,0x68d79d30,0x69ac0000)
 Metaspace       used 4957K, capacity 5004K, committed 5016K, reserved 5424K
}
Event: 2,933 GC heap before
{Heap before GC invocations=5 (full 1):
 PSYoungGen      total 35840K, used 2552K [0x91ac0000, 0x94040000, 0xa7000000)
  eden space 33280K, 0% used [0x91ac0000,0x91ac0000,0x93b40000)
  from space 2560K, 99% used [0x93dc0000,0x9403e188,0x94040000)
  to   space 2560K, 0% used [0x93b40000,0x93b40000,0x93dc0000)
 ParOldGen       total 43776K, used 30183K [0x67000000, 0x69ac0000, 0x91ac0000)
  object space 43776K, 68% used [0x67000000,0x68d79d30,0x69ac0000)
 Metaspace       used 4957K, capacity 5004K, committed 5016K, reserved 5424K
Event: 2,965 GC heap after
Heap after GC invocations=5 (full 1):
 PSYoungGen      total 35840K, used 0K [0x91ac0000, 0x94040000, 0xa7000000)
  eden space 33280K, 0% used [0x91ac0000,0x91ac0000,0x93b40000)
  from space 2560K, 0% used [0x93dc0000,0x93dc0000,0x94040000)
  to   space 2560K, 0% used [0x93b40000,0x93b40000,0x93dc0000)
 ParOldGen       total 49408K, used 11700K [0x67000000, 0x6a040000, 0x91ac0000)
  object space 49408K, 23% used [0x67000000,0x67b6d370,0x6a040000)
 Metaspace       used 4957K, capacity 5004K, committed 5016K, reserved 5424K
}
Event: 3,163 GC heap before
{Heap before GC invocations=6 (full 1):
 PSYoungGen      total 35840K, used 33280K [0x91ac0000, 0x94040000, 0xa7000000)
  eden space 33280K, 100% used [0x91ac0000,0x93b40000,0x93b40000)
  from space 2560K, 0% used [0x93dc0000,0x93dc0000,0x94040000)
  to   space 2560K, 0% used [0x93b40000,0x93b40000,0x93dc0000)
 ParOldGen       total 49408K, used 11700K [0x67000000, 0x6a040000, 0x91ac0000)
  object space 49408K, 23% used [0x67000000,0x67b6d370,0x6a040000)
 Metaspace       used 4966K, capacity 5004K, committed 5016K, reserved 5424K

