# JRE version: Java(TM) SE Runtime Environment (8.0_60-b27) (build 1.8.0_60-b27)
# Java VM: Java HotSpot(TM) Server VM (25.60-b23 mixed mode linux-x86 )
Heap:
 PSYoungGen      total 35840K, used 2556K [0x91ac0000, 0x94040000, 0xa7000000)
  eden space 33280K, 0% used [0x91ac0000,0x91ac0000,0x93b40000)
  from space 2560K, 99% used [0x93b40000,0x93dbf340,0x93dc0000)
  to   space 2560K, 0% used [0x93dc0000,0x93dc0000,0x94040000)
 ParOldGen       total 48896K, used 11819K [0x67000000, 0x69fc0000, 0x91ac0000)
  object space 48896K, 24% used [0x67000000,0x67b8aff0,0x69fc0000)
 Metaspace       used 4972K, capacity 5004K, committed 5016K, reserved 5424K
GC Heap History (10 events):
Event: 1,239 GC heap after
Heap after GC invocations=1 (full 0):
 PSYoungGen      total 19200K, used 2554K [0x91ac0000, 0x93000000, 0xa7000000)
  eden space 16640K, 0% used [0x91ac0000,0x91ac0000,0x92b00000)
  from space 2560K, 99% used [0x92b00000,0x92d7ebe0,0x92d80000)
  to   space 2560K, 0% used [0x92d80000,0x92d80000,0x93000000)
 ParOldGen       total 43776K, used 1886K [0x67000000, 0x69ac0000, 0x91ac0000)
  object space 43776K, 4% used [0x67000000,0x671d7998,0x69ac0000)
 Metaspace       used 3537K, capacity 3646K, committed 3736K, reserved 4400K
}
Event: 2,014 GC heap before
{Heap before GC invocations=2 (full 0):
 PSYoungGen      total 19200K, used 19194K [0x91ac0000, 0x93000000, 0xa7000000)
  eden space 16640K, 100% used [0x91ac0000,0x92b00000,0x92b00000)
  from space 2560K, 99% used [0x92b00000,0x92d7ebe0,0x92d80000)
  to   space 2560K, 0% used [0x92d80000,0x92d80000,0x93000000)
 ParOldGen       total 43776K, used 1886K [0x67000000, 0x69ac0000, 0x91ac0000)
  object space 43776K, 4% used [0x67000000,0x671d7998,0x69ac0000)
 Metaspace       used 4909K, capacity 4940K, committed 5016K, reserved 5424K
Event: 2,024 GC heap after
Heap after GC invocations=2 (full 0):
 PSYoungGen      total 19200K, used 2552K [0x91ac0000, 0x94040000, 0xa7000000)
  eden space 16640K, 0% used [0x91ac0000,0x91ac0000,0x92b00000)
  from space 2560K, 99% used [0x92d80000,0x92ffe1d0,0x93000000)
  to   space 2560K, 0% used [0x92b00000,0x92b00000,0x92d80000)
 ParOldGen       total 43776K, used 5897K [0x67000000, 0x69ac0000, 0x91ac0000)
  object space 43776K, 13% used [0x67000000,0x675c27c0,0x69ac0000)
 Metaspace       used 4909K, capacity 4940K, committed 5016K, reserved 5424K
}
Event: 2,175 GC heap before
{Heap before GC invocations=3 (full 0):
 PSYoungGen      total 19200K, used 19192K [0x91ac0000, 0x94040000, 0xa7000000)
  eden space 16640K, 100% used [0x91ac0000,0x92b00000,0x92b00000)
  from space 2560K, 99% used [0x92d80000,0x92ffe1d0,0x93000000)
  to   space 2560K, 0% used [0x92b00000,0x92b00000,0x92d80000)
 ParOldGen       total 43776K, used 5897K [0x67000000, 0x69ac0000, 0x91ac0000)
  object space 43776K, 13% used [0x67000000,0x675c27c0,0x69ac0000)
 Metaspace       used 4945K, capacity 4972K, committed 5016K, reserved 5424K
Event: 2,189 GC heap after
Heap after GC invocations=3 (full 0):
 PSYoungGen      total 19200K, used 2545K [0x91ac0000, 0x94040000, 0xa7000000)
  eden space 16640K, 0% used [0x91ac0000,0x91ac0000,0x92b00000)
  from space 2560K, 99% used [0x92b00000,0x92d7c670,0x92d80000)
  to   space 2560K, 0% used [0x93dc0000,0x93dc0000,0x94040000)
 ParOldGen       total 43776K, used 12383K [0x67000000, 0x69ac0000, 0x91ac0000)
  object space 43776K, 28% used [0x67000000,0x67c17fd8,0x69ac0000)
 Metaspace       used 4945K, capacity 4972K, committed 5016K, reserved 5424K
}
Event: 2,286 GC heap before
{Heap before GC invocations=4 (full 0):
 PSYoungGen      total 19200K, used 19185K [0x91ac0000, 0x94040000, 0xa7000000)
  eden space 16640K, 100% used [0x91ac0000,0x92b00000,0x92b00000)
  from space 2560K, 99% used [0x92b00000,0x92d7c670,0x92d80000)
  to   space 2560K, 0% used [0x93dc0000,0x93dc0000,0x94040000)
 ParOldGen       total 43776K, used 12383K [0x67000000, 0x69ac0000, 0x91ac0000)
  object space 43776K, 28% used [0x67000000,0x67c17fd8,0x69ac0000)
 Metaspace       used 4954K, capacity 5004K, committed 5016K, reserved 5424K
Event: 2,325 GC heap after
Heap after GC invocations=4 (full 0):
 PSYoungGen      total 35840K, used 2556K [0x91ac0000, 0x94040000, 0xa7000000)
  eden space 33280K, 0% used [0x91ac0000,0x91ac0000,0x93b40000)
  from space 2560K, 99% used [0x93dc0000,0x9403f200,0x94040000)
  to   space 2560K, 0% used [0x93b40000,0x93b40000,0x93dc0000)
 ParOldGen       total 43776K, used 29635K [0x67000000, 0x69ac0000, 0x91ac0000)
  object space 43776K, 67% used [0x67000000,0x68cf0cd0,0x69ac0000)
 Metaspace       used 4954K, capacity 5004K, committed 5016K, reserved 5424K
}
Event: 2,325 GC heap before
{Heap before GC invocations=5 (full 1):
 PSYoungGen      total 35840K, used 2556K [0x91ac0000, 0x94040000, 0xa7000000)
  eden space 33280K, 0% used [0x91ac0000,0x91ac0000,0x93b40000)
  from space 2560K, 99% used [0x93dc0000,0x9403f200,0x94040000)
  to   space 2560K, 0% used [0x93b40000,0x93b40000,0x93dc0000)
 ParOldGen       total 43776K, used 29635K [0x67000000, 0x69ac0000, 0x91ac0000)
  object space 43776K, 67% used [0x67000000,0x68cf0cd0,0x69ac0000)
 Metaspace       used 4954K, capacity 5004K, committed 5016K, reserved 5424K
Event: 2,370 GC heap after
Heap after GC invocations=5 (full 1):
 PSYoungGen      total 35840K, used 0K [0x91ac0000, 0x94040000, 0xa7000000)
  eden space 33280K, 0% used [0x91ac0000,0x91ac0000,0x93b40000)
  from space 2560K, 0% used [0x93dc0000,0x93dc0000,0x94040000)
  to   space 2560K, 0% used [0x93b40000,0x93b40000,0x93dc0000)
 ParOldGen       total 48896K, used 11695K [0x67000000, 0x69fc0000, 0x91ac0000)
  object space 48896K, 23% used [0x67000000,0x67b6bff0,0x69fc0000)
 Metaspace       used 4954K, capacity 5004K, committed 5016K, reserved 5424K
}
Event: 2,620 GC heap before
{Heap before GC invocations=6 (full 1):
 PSYoungGen      total 35840K, used 33280K [0x91ac0000, 0x94040000, 0xa7000000)
  eden space 33280K, 100% used [0x91ac0000,0x93b40000,0x93b40000)
  from space 2560K, 0% used [0x93dc0000,0x93dc0000,0x94040000)
  to   space 2560K, 0% used [0x93b40000,0x93b40000,0x93dc0000)
 ParOldGen       total 48896K, used 11695K [0x67000000, 0x69fc0000, 0x91ac0000)
  object space 48896K, 23% used [0x67000000,0x67b6bff0,0x69fc0000)
 Metaspace       used 4972K, capacity 5004K, committed 5016K, reserved 5424K

