# JRE version: Java(TM) SE Runtime Environment (8.0_60-b27) (build 1.8.0_60-b27)
# Java VM: Java HotSpot(TM) Server VM (25.60-b23 mixed mode linux-x86 )
Heap:
 PSYoungGen      total 141824K, used 138376K [0x91ac0000, 0x9bec0000, 0xa7000000)
  eden space 128000K, 97% used [0x91ac0000,0x99464d98,0x997c0000)
  from space 13824K, 99% used [0x9a940000,0x9b6bd5d8,0x9b6c0000)
  to   space 17920K, 0% used [0x997c0000,0x997c0000,0x9a940000)
 ParOldGen       total 43776K, used 28855K [0x67000000, 0x69ac0000, 0x91ac0000)
  object space 43776K, 65% used [0x67000000,0x68c2dff8,0x69ac0000)
 Metaspace       used 4111K, capacity 4166K, committed 4248K, reserved 4400K
GC Heap History (10 events):
Event: 4,318 GC heap before
{Heap before GC invocations=4 (full 0):
 PSYoungGen      total 19200K, used 19196K [0x91ac0000, 0x94040000, 0xa7000000)
  eden space 16640K, 100% used [0x91ac0000,0x92b00000,0x92b00000)
  from space 2560K, 99% used [0x92b00000,0x92d7f088,0x92d80000)
  to   space 2560K, 0% used [0x93dc0000,0x93dc0000,0x94040000)
 ParOldGen       total 43776K, used 6860K [0x67000000, 0x69ac0000, 0x91ac0000)
  object space 43776K, 15% used [0x67000000,0x676b3230,0x69ac0000)
 Metaspace       used 3832K, capacity 3846K, committed 3864K, reserved 4400K
Event: 4,350 GC heap after
Heap after GC invocations=4 (full 0):
 PSYoungGen      total 35840K, used 2556K [0x91ac0000, 0x94040000, 0xa7000000)
  eden space 33280K, 0% used [0x91ac0000,0x91ac0000,0x93b40000)
  from space 2560K, 99% used [0x93dc0000,0x9403f088,0x94040000)
  to   space 2560K, 0% used [0x93b40000,0x93b40000,0x93dc0000)
 ParOldGen       total 43776K, used 9602K [0x67000000, 0x69ac0000, 0x91ac0000)
  object space 43776K, 21% used [0x67000000,0x67960a38,0x69ac0000)
 Metaspace       used 3832K, capacity 3846K, committed 3864K, reserved 4400K
}
Event: 4,788 GC heap before
{Heap before GC invocations=5 (full 0):
 PSYoungGen      total 35840K, used 35836K [0x91ac0000, 0x94040000, 0xa7000000)
  eden space 33280K, 100% used [0x91ac0000,0x93b40000,0x93b40000)
  from space 2560K, 99% used [0x93dc0000,0x9403f088,0x94040000)
  to   space 2560K, 0% used [0x93b40000,0x93b40000,0x93dc0000)
 ParOldGen       total 43776K, used 9602K [0x67000000, 0x69ac0000, 0x91ac0000)
  object space 43776K, 21% used [0x67000000,0x67960a38,0x69ac0000)
 Metaspace       used 3872K, capacity 3878K, committed 3992K, reserved 4400K
Event: 4,830 GC heap after
Heap after GC invocations=5 (full 0):
 PSYoungGen      total 35840K, used 2547K [0x91ac0000, 0x96b40000, 0xa7000000)
  eden space 33280K, 0% used [0x91ac0000,0x91ac0000,0x93b40000)
  from space 2560K, 99% used [0x93b40000,0x93dbce60,0x93dc0000)
  to   space 7936K, 0% used [0x96380000,0x96380000,0x96b40000)
 ParOldGen       total 43776K, used 15130K [0x67000000, 0x69ac0000, 0x91ac0000)
  object space 43776K, 34% used [0x67000000,0x67ec6890,0x69ac0000)
 Metaspace       used 3872K, capacity 3878K, committed 3992K, reserved 4400K
}
Event: 5,401 GC heap before
{Heap before GC invocations=6 (full 0):
 PSYoungGen      total 35840K, used 35827K [0x91ac0000, 0x96b40000, 0xa7000000)
  eden space 33280K, 100% used [0x91ac0000,0x93b40000,0x93b40000)
  from space 2560K, 99% used [0x93b40000,0x93dbce60,0x93dc0000)
  to   space 7936K, 0% used [0x96380000,0x96380000,0x96b40000)
 ParOldGen       total 43776K, used 15130K [0x67000000, 0x69ac0000, 0x91ac0000)
  object space 43776K, 34% used [0x67000000,0x67ec6890,0x69ac0000)
 Metaspace       used 3877K, capacity 3910K, committed 3992K, reserved 4400K
Event: 5,444 GC heap after
Heap after GC invocations=6 (full 0):
 PSYoungGen      total 73984K, used 7220K [0x91ac0000, 0x96c40000, 0xa7000000)
  eden space 66048K, 0% used [0x91ac0000,0x91ac0000,0x95b40000)
  from space 7936K, 90% used [0x96380000,0x96a8d018,0x96b40000)
  to   space 8448K, 0% used [0x95b40000,0x95b40000,0x96380000)
 ParOldGen       total 43776K, used 15130K [0x67000000, 0x69ac0000, 0x91ac0000)
  object space 43776K, 34% used [0x67000000,0x67ec6890,0x69ac0000)
 Metaspace       used 3877K, capacity 3910K, committed 3992K, reserved 4400K
}
Event: 6,572 GC heap before
{Heap before GC invocations=7 (full 0):
 PSYoungGen      total 73984K, used 73268K [0x91ac0000, 0x96c40000, 0xa7000000)
  eden space 66048K, 100% used [0x91ac0000,0x95b40000,0x95b40000)
  from space 7936K, 90% used [0x96380000,0x96a8d018,0x96b40000)
  to   space 8448K, 0% used [0x95b40000,0x95b40000,0x96380000)
 ParOldGen       total 43776K, used 15130K [0x67000000, 0x69ac0000, 0x91ac0000)
  object space 43776K, 34% used [0x67000000,0x67ec6890,0x69ac0000)
 Metaspace       used 3921K, capacity 3974K, committed 3992K, reserved 4400K
Event: 6,711 GC heap after
Heap after GC invocations=7 (full 0):
 PSYoungGen      total 74496K, used 8434K [0x91ac0000, 0x9b6c0000, 0xa7000000)
  eden space 66048K, 0% used [0x91ac0000,0x91ac0000,0x95b40000)
  from space 8448K, 99% used [0x95b40000,0x9637c840,0x96380000)
  to   space 13824K, 0% used [0x9a940000,0x9a940000,0x9b6c0000)
 ParOldGen       total 43776K, used 24136K [0x67000000, 0x69ac0000, 0x91ac0000)
  object space 43776K, 55% used [0x67000000,0x687921e8,0x69ac0000)
 Metaspace       used 3921K, capacity 3974K, committed 3992K, reserved 4400K
}
Event: 7,624 GC heap before
{Heap before GC invocations=8 (full 0):
 PSYoungGen      total 74496K, used 74482K [0x91ac0000, 0x9b6c0000, 0xa7000000)
  eden space 66048K, 100% used [0x91ac0000,0x95b40000,0x95b40000)
  from space 8448K, 99% used [0x95b40000,0x9637c840,0x96380000)
  to   space 13824K, 0% used [0x9a940000,0x9a940000,0x9b6c0000)
 ParOldGen       total 43776K, used 24136K [0x67000000, 0x69ac0000, 0x91ac0000)
  object space 43776K, 55% used [0x67000000,0x687921e8,0x69ac0000)
 Metaspace       used 3991K, capacity 4038K, committed 4120K, reserved 4400K
Event: 7,785 GC heap after
Heap after GC invocations=8 (full 0):
 PSYoungGen      total 141824K, used 13813K [0x91ac0000, 0x9bec0000, 0xa7000000)
  eden space 128000K, 0% used [0x91ac0000,0x91ac0000,0x997c0000)
  from space 13824K, 99% used [0x9a940000,0x9b6bd5d8,0x9b6c0000)
  to   space 17920K, 0% used [0x997c0000,0x997c0000,0x9a940000)
 ParOldGen       total 43776K, used 28855K [0x67000000, 0x69ac0000, 0x91ac0000)
  object space 43776K, 65% used [0x67000000,0x68c2dff8,0x69ac0000)
 Metaspace       used 3991K, capacity 4038K, committed 4120K, reserved 4400K
}

