# JRE version: Java(TM) SE Runtime Environment (8.0_60-b27) (build 1.8.0_60-b27)
# Java VM: Java HotSpot(TM) Server VM (25.60-b23 mixed mode linux-x86 )
Heap:
 PSYoungGen      total 73984K, used 46453K [0x91ac0000, 0x96c40000, 0xa7000000)
  eden space 66048K, 59% used [0x91ac0000,0x9411dac8,0x95b40000)
  from space 7936K, 90% used [0x96380000,0x96a7fa40,0x96b40000)
  to   space 8448K, 0% used [0x95b40000,0x95b40000,0x96380000)
 ParOldGen       total 43776K, used 15358K [0x67000000, 0x69ac0000, 0x91ac0000)
  object space 43776K, 35% used [0x67000000,0x67effa38,0x69ac0000)
 Metaspace       used 3920K, capacity 3942K, committed 3992K, reserved 4400K
GC Heap History (10 events):
Event: 2,799 GC heap before
{Heap before GC invocations=2 (full 0):
 PSYoungGen      total 19200K, used 19190K [0x91ac0000, 0x93000000, 0xa7000000)
  eden space 16640K, 100% used [0x91ac0000,0x92b00000,0x92b00000)
  from space 2560K, 99% used [0x92b00000,0x92d7da20,0x92d80000)
  to   space 2560K, 0% used [0x92d80000,0x92d80000,0x93000000)
 ParOldGen       total 43776K, used 1845K [0x67000000, 0x69ac0000, 0x91ac0000)
  object space 43776K, 4% used [0x67000000,0x671cd408,0x69ac0000)
 Metaspace       used 3716K, capacity 3750K, committed 3864K, reserved 4400K
Event: 2,844 GC heap after
Heap after GC invocations=2 (full 0):
 PSYoungGen      total 19200K, used 2555K [0x91ac0000, 0x94040000, 0xa7000000)
  eden space 16640K, 0% used [0x91ac0000,0x91ac0000,0x92b00000)
  from space 2560K, 99% used [0x92d80000,0x92ffefa8,0x93000000)
  to   space 2560K, 0% used [0x92b00000,0x92b00000,0x92d80000)
 ParOldGen       total 43776K, used 4661K [0x67000000, 0x69ac0000, 0x91ac0000)
  object space 43776K, 10% used [0x67000000,0x6748d628,0x69ac0000)
 Metaspace       used 3716K, capacity 3750K, committed 3864K, reserved 4400K
}
Event: 3,449 GC heap before
{Heap before GC invocations=3 (full 0):
 PSYoungGen      total 19200K, used 19195K [0x91ac0000, 0x94040000, 0xa7000000)
  eden space 16640K, 100% used [0x91ac0000,0x92b00000,0x92b00000)
  from space 2560K, 99% used [0x92d80000,0x92ffefa8,0x93000000)
  to   space 2560K, 0% used [0x92b00000,0x92b00000,0x92d80000)
 ParOldGen       total 43776K, used 4661K [0x67000000, 0x69ac0000, 0x91ac0000)
  object space 43776K, 10% used [0x67000000,0x6748d628,0x69ac0000)
 Metaspace       used 3746K, capacity 3782K, committed 3864K, reserved 4400K
Event: 3,483 GC heap after
Heap after GC invocations=3 (full 0):
 PSYoungGen      total 19200K, used 2547K [0x91ac0000, 0x94040000, 0xa7000000)
  eden space 16640K, 0% used [0x91ac0000,0x91ac0000,0x92b00000)
  from space 2560K, 99% used [0x92b00000,0x92d7cf58,0x92d80000)
  to   space 2560K, 0% used [0x93dc0000,0x93dc0000,0x94040000)
 ParOldGen       total 43776K, used 6862K [0x67000000, 0x69ac0000, 0x91ac0000)
  object space 43776K, 15% used [0x67000000,0x676b3918,0x69ac0000)
 Metaspace       used 3746K, capacity 3782K, committed 3864K, reserved 4400K
}
Event: 4,137 GC heap before
{Heap before GC invocations=4 (full 0):
 PSYoungGen      total 19200K, used 19187K [0x91ac0000, 0x94040000, 0xa7000000)
  eden space 16640K, 100% used [0x91ac0000,0x92b00000,0x92b00000)
  from space 2560K, 99% used [0x92b00000,0x92d7cf58,0x92d80000)
  to   space 2560K, 0% used [0x93dc0000,0x93dc0000,0x94040000)
 ParOldGen       total 43776K, used 6862K [0x67000000, 0x69ac0000, 0x91ac0000)
  object space 43776K, 15% used [0x67000000,0x676b3918,0x69ac0000)
 Metaspace       used 3783K, capacity 3814K, committed 3864K, reserved 4400K
Event: 4,183 GC heap after
Heap after GC invocations=4 (full 0):
 PSYoungGen      total 35840K, used 2551K [0x91ac0000, 0x94040000, 0xa7000000)
  eden space 33280K, 0% used [0x91ac0000,0x91ac0000,0x93b40000)
  from space 2560K, 99% used [0x93dc0000,0x9403de90,0x94040000)
  to   space 2560K, 0% used [0x93b40000,0x93b40000,0x93dc0000)
 ParOldGen       total 43776K, used 10260K [0x67000000, 0x69ac0000, 0x91ac0000)
  object space 43776K, 23% used [0x67000000,0x67a05380,0x69ac0000)
 Metaspace       used 3783K, capacity 3814K, committed 3864K, reserved 4400K
}
Event: 5,862 GC heap before
{Heap before GC invocations=5 (full 0):
 PSYoungGen      total 35840K, used 35831K [0x91ac0000, 0x94040000, 0xa7000000)
  eden space 33280K, 100% used [0x91ac0000,0x93b40000,0x93b40000)
  from space 2560K, 99% used [0x93dc0000,0x9403de90,0x94040000)
  to   space 2560K, 0% used [0x93b40000,0x93b40000,0x93dc0000)
 ParOldGen       total 43776K, used 10260K [0x67000000, 0x69ac0000, 0x91ac0000)
  object space 43776K, 23% used [0x67000000,0x67a05380,0x69ac0000)
 Metaspace       used 3865K, capacity 3910K, committed 3992K, reserved 4400K
Event: 6,400 GC heap after
Heap after GC invocations=5 (full 0):
 PSYoungGen      total 35840K, used 2551K [0x91ac0000, 0x96b40000, 0xa7000000)
  eden space 33280K, 0% used [0x91ac0000,0x91ac0000,0x93b40000)
  from space 2560K, 99% used [0x93b40000,0x93dbdd00,0x93dc0000)
  to   space 7936K, 0% used [0x96380000,0x96380000,0x96b40000)
 ParOldGen       total 43776K, used 15358K [0x67000000, 0x69ac0000, 0x91ac0000)
  object space 43776K, 35% used [0x67000000,0x67effa38,0x69ac0000)
 Metaspace       used 3865K, capacity 3910K, committed 3992K, reserved 4400K
}
Event: 14,619 GC heap before
{Heap before GC invocations=6 (full 0):
 PSYoungGen      total 35840K, used 35831K [0x91ac0000, 0x96b40000, 0xa7000000)
  eden space 33280K, 100% used [0x91ac0000,0x93b40000,0x93b40000)
  from space 2560K, 99% used [0x93b40000,0x93dbdd00,0x93dc0000)
  to   space 7936K, 0% used [0x96380000,0x96380000,0x96b40000)
 ParOldGen       total 43776K, used 15358K [0x67000000, 0x69ac0000, 0x91ac0000)
  object space 43776K, 35% used [0x67000000,0x67effa38,0x69ac0000)
 Metaspace       used 3896K, capacity 3942K, committed 3992K, reserved 4400K
Event: 14,782 GC heap after
Heap after GC invocations=6 (full 0):
 PSYoungGen      total 73984K, used 7166K [0x91ac0000, 0x96c40000, 0xa7000000)
  eden space 66048K, 0% used [0x91ac0000,0x91ac0000,0x95b40000)
  from space 7936K, 90% used [0x96380000,0x96a7fa40,0x96b40000)
  to   space 8448K, 0% used [0x95b40000,0x95b40000,0x96380000)
 ParOldGen       total 43776K, used 15358K [0x67000000, 0x69ac0000, 0x91ac0000)
  object space 43776K, 35% used [0x67000000,0x67effa38,0x69ac0000)
 Metaspace       used 3896K, capacity 3942K, committed 3992K, reserved 4400K
}

