# JRE version: Java(TM) SE Runtime Environment (8.0_66-b17) (build 1.8.0_66-b17)
# Java VM: Java HotSpot(TM) Server VM (25.66-b17 mixed mode linux-x86 )
Heap:
 PSYoungGen      total 267776K, used 22777K [0x91ac0000, 0xa42c0000, 0xa7000000)
  eden space 244992K, 0% used [0x91ac0000,0x91ac0000,0xa0a00000)
  from space 22784K, 99% used [0xa0a00000,0xa203e488,0xa2040000)
  to   space 18432K, 0% used [0xa2040000,0xa2040000,0xa3240000)
 ParOldGen       total 59392K, used 58739K [0x67000000, 0x6aa00000, 0x91ac0000)
  object space 59392K, 98% used [0x67000000,0x6a95cc18,0x6aa00000)
 Metaspace       used 3473K, capacity 3502K, committed 3608K, reserved 4400K
GC Heap History (10 events):
Event: 1,925 GC heap after
Heap after GC invocations=7 (full 1):
 PSYoungGen      total 118528K, used 7568K [0x91ac0000, 0x9b580000, 0xa7000000)
  eden space 110848K, 0% used [0x91ac0000,0x91ac0000,0x98700000)
  from space 7680K, 98% used [0x9ae00000,0x9b564140,0x9b580000)
  to   space 16384K, 0% used [0x99580000,0x99580000,0x9a580000)
 ParOldGen       total 51200K, used 15044K [0x67000000, 0x6a200000, 0x91ac0000)
  object space 51200K, 29% used [0x67000000,0x67eb11b0,0x6a200000)
 Metaspace       used 3446K, capacity 3470K, committed 3480K, reserved 4400K
}
Event: 2,451 GC heap before
{Heap before GC invocations=8 (full 1):
 PSYoungGen      total 118528K, used 117472K [0x91ac0000, 0x9b580000, 0xa7000000)
  eden space 110848K, 99% used [0x91ac0000,0x98614160,0x98700000)
  from space 7680K, 98% used [0x9ae00000,0x9b564140,0x9b580000)
  to   space 16384K, 0% used [0x99580000,0x99580000,0x9a580000)
 ParOldGen       total 51200K, used 15044K [0x67000000, 0x6a200000, 0x91ac0000)
  object space 51200K, 29% used [0x67000000,0x67eb11b0,0x6a200000)
 Metaspace       used 3454K, capacity 3470K, committed 3480K, reserved 4400K
Event: 2,454 GC heap after
Heap after GC invocations=8 (full 1):
 PSYoungGen      total 142080K, used 7029K [0x91ac0000, 0x9e900000, 0xa7000000)
  eden space 125696K, 0% used [0x91ac0000,0x91ac0000,0x99580000)
  from space 16384K, 42% used [0x99580000,0x99c5d488,0x9a580000)
  to   space 15360K, 0% used [0x9da00000,0x9da00000,0x9e900000)
 ParOldGen       total 51200K, used 15048K [0x67000000, 0x6a200000, 0x91ac0000)
  object space 51200K, 29% used [0x67000000,0x67eb21b0,0x6a200000)
 Metaspace       used 3454K, capacity 3470K, committed 3480K, reserved 4400K
}
Event: 2,837 GC heap before
{Heap before GC invocations=9 (full 1):
 PSYoungGen      total 142080K, used 132725K [0x91ac0000, 0x9e900000, 0xa7000000)
  eden space 125696K, 100% used [0x91ac0000,0x99580000,0x99580000)
  from space 16384K, 42% used [0x99580000,0x99c5d488,0x9a580000)
  to   space 15360K, 0% used [0x9da00000,0x9da00000,0x9e900000)
 ParOldGen       total 51200K, used 15048K [0x67000000, 0x6a200000, 0x91ac0000)
  object space 51200K, 29% used [0x67000000,0x67eb21b0,0x6a200000)
 Metaspace       used 3458K, capacity 3470K, committed 3480K, reserved 4400K
Event: 2,846 GC heap after
Heap after GC invocations=9 (full 1):
 PSYoungGen      total 194816K, used 12205K [0x91ac0000, 0xa06c0000, 0xa7000000)
  eden space 179456K, 0% used [0x91ac0000,0x91ac0000,0x9ca00000)
  from space 15360K, 79% used [0x9da00000,0x9e5eb600,0x9e900000)
  to   space 16384K, 0% used [0x9ca00000,0x9ca00000,0x9da00000)
 ParOldGen       total 51200K, used 15048K [0x67000000, 0x6a200000, 0x91ac0000)
  object space 51200K, 29% used [0x67000000,0x67eb21b0,0x6a200000)
 Metaspace       used 3458K, capacity 3470K, committed 3480K, reserved 4400K
}
Event: 3,490 GC heap before
{Heap before GC invocations=10 (full 1):
 PSYoungGen      total 194816K, used 191661K [0x91ac0000, 0xa06c0000, 0xa7000000)
  eden space 179456K, 100% used [0x91ac0000,0x9ca00000,0x9ca00000)
  from space 15360K, 79% used [0x9da00000,0x9e5eb600,0x9e900000)
  to   space 16384K, 0% used [0x9ca00000,0x9ca00000,0x9da00000)
 ParOldGen       total 51200K, used 15048K [0x67000000, 0x6a200000, 0x91ac0000)
  object space 51200K, 29% used [0x67000000,0x67eb21b0,0x6a200000)
 Metaspace       used 3463K, capacity 3502K, committed 3608K, reserved 4400K
Event: 3,499 GC heap after
Heap after GC invocations=10 (full 1):
 PSYoungGen      total 195840K, used 15392K [0x91ac0000, 0xa3240000, 0xa7000000)
  eden space 179456K, 0% used [0x91ac0000,0x91ac0000,0x9ca00000)
  from space 16384K, 93% used [0x9ca00000,0x9d908140,0x9da00000)
  to   space 18432K, 0% used [0xa2040000,0xa2040000,0xa3240000)
 ParOldGen       total 51200K, used 20154K [0x67000000, 0x6a200000, 0x91ac0000)
  object space 51200K, 39% used [0x67000000,0x683aea60,0x6a200000)
 Metaspace       used 3463K, capacity 3502K, committed 3608K, reserved 4400K
}
Event: 4,061 GC heap before
{Heap before GC invocations=11 (full 1):
 PSYoungGen      total 195840K, used 190870K [0x91ac0000, 0xa3240000, 0xa7000000)
  eden space 179456K, 97% used [0x91ac0000,0x9c61d9e8,0x9ca00000)
  from space 16384K, 93% used [0x9ca00000,0x9d908140,0x9da00000)
  to   space 18432K, 0% used [0xa2040000,0xa2040000,0xa3240000)
 ParOldGen       total 51200K, used 20154K [0x67000000, 0x6a200000, 0x91ac0000)
  object space 51200K, 39% used [0x67000000,0x683aea60,0x6a200000)
 Metaspace       used 3470K, capacity 3502K, committed 3608K, reserved 4400K
Event: 4,087 GC heap after
Heap after GC invocations=11 (full 1):
 PSYoungGen      total 263424K, used 18418K [0x91ac0000, 0xa42c0000, 0xa7000000)
  eden space 244992K, 0% used [0x91ac0000,0x91ac0000,0xa0a00000)
  from space 18432K, 99% used [0xa2040000,0xa323cad8,0xa3240000)
  to   space 22784K, 0% used [0xa0a00000,0xa0a00000,0xa2040000)
 ParOldGen       total 51200K, used 25657K [0x67000000, 0x6a200000, 0x91ac0000)
  object space 51200K, 50% used [0x67000000,0x6890e5a8,0x6a200000)
 Metaspace       used 3470K, capacity 3502K, committed 3608K, reserved 4400K
}
Event: 4,789 GC heap before
{Heap before GC invocations=12 (full 1):
 PSYoungGen      total 263424K, used 263410K [0x91ac0000, 0xa42c0000, 0xa7000000)
  eden space 244992K, 100% used [0x91ac0000,0xa0a00000,0xa0a00000)
  from space 18432K, 99% used [0xa2040000,0xa323cad8,0xa3240000)
  to   space 22784K, 0% used [0xa0a00000,0xa0a00000,0xa2040000)
 ParOldGen       total 51200K, used 25657K [0x67000000, 0x6a200000, 0x91ac0000)
  object space 51200K, 50% used [0x67000000,0x6890e5a8,0x6a200000)
 Metaspace       used 3473K, capacity 3502K, committed 3608K, reserved 4400K

