# JRE version: Java(TM) SE Runtime Environment (8.0_66-b17) (build 1.8.0_66-b17)
# Java VM: Java HotSpot(TM) Server VM (25.66-b17 mixed mode linux-x86 )
Heap:
 PSYoungGen      total 74240K, used 10482K [0x91ac0000, 0x97040000, 0xa7000000)
  eden space 63744K, 0% used [0x91ac0000,0x91ac0000,0x95900000)
  from space 10496K, 99% used [0x95900000,0x9633ca60,0x96340000)
  to   space 7680K, 0% used [0x96340000,0x96340000,0x96ac0000)
 ParOldGen       total 43776K, used 25894K [0x67000000, 0x69ac0000, 0x91ac0000)
  object space 43776K, 59% used [0x67000000,0x68949958,0x69ac0000)
 Metaspace       used 3914K, capacity 3942K, committed 3992K, reserved 4400K
GC Heap History (10 events):
Event: 3,968 GC heap after
Heap after GC invocations=2 (full 0):
 PSYoungGen      total 19200K, used 2550K [0x91ac0000, 0x93000000, 0xa7000000)
  eden space 16640K, 0% used [0x91ac0000,0x91ac0000,0x92b00000)
  from space 2560K, 99% used [0x92d80000,0x92ffd9a8,0x93000000)
  to   space 2560K, 0% used [0x92b00000,0x92b00000,0x92d80000)
 ParOldGen       total 43776K, used 4015K [0x67000000, 0x69ac0000, 0x91ac0000)
  object space 43776K, 9% used [0x67000000,0x673ebfa0,0x69ac0000)
 Metaspace       used 3565K, capacity 3646K, committed 3736K, reserved 4400K
}
Event: 4,596 GC heap before
{Heap before GC invocations=3 (full 0):
 PSYoungGen      total 19200K, used 19190K [0x91ac0000, 0x93000000, 0xa7000000)
  eden space 16640K, 100% used [0x91ac0000,0x92b00000,0x92b00000)
  from space 2560K, 99% used [0x92d80000,0x92ffd9a8,0x93000000)
  to   space 2560K, 0% used [0x92b00000,0x92b00000,0x92d80000)
 ParOldGen       total 43776K, used 4015K [0x67000000, 0x69ac0000, 0x91ac0000)
  object space 43776K, 9% used [0x67000000,0x673ebfa0,0x69ac0000)
 Metaspace       used 3588K, capacity 3678K, committed 3736K, reserved 4400K
Event: 4,633 GC heap after
Heap after GC invocations=3 (full 0):
 PSYoungGen      total 19200K, used 2559K [0x91ac0000, 0x94040000, 0xa7000000)
  eden space 16640K, 0% used [0x91ac0000,0x91ac0000,0x92b00000)
  from space 2560K, 99% used [0x92b00000,0x92d7fc38,0x92d80000)
  to   space 2560K, 0% used [0x93dc0000,0x93dc0000,0x94040000)
 ParOldGen       total 43776K, used 6557K [0x67000000, 0x69ac0000, 0x91ac0000)
  object space 43776K, 14% used [0x67000000,0x67667788,0x69ac0000)
 Metaspace       used 3588K, capacity 3678K, committed 3736K, reserved 4400K
}
Event: 5,136 GC heap before
{Heap before GC invocations=4 (full 0):
 PSYoungGen      total 19200K, used 19199K [0x91ac0000, 0x94040000, 0xa7000000)
  eden space 16640K, 100% used [0x91ac0000,0x92b00000,0x92b00000)
  from space 2560K, 99% used [0x92b00000,0x92d7fc38,0x92d80000)
  to   space 2560K, 0% used [0x93dc0000,0x93dc0000,0x94040000)
 ParOldGen       total 43776K, used 6557K [0x67000000, 0x69ac0000, 0x91ac0000)
  object space 43776K, 14% used [0x67000000,0x67667788,0x69ac0000)
 Metaspace       used 3605K, capacity 3678K, committed 3736K, reserved 4400K
Event: 5,173 GC heap after
Heap after GC invocations=4 (full 0):
 PSYoungGen      total 35840K, used 2552K [0x91ac0000, 0x94040000, 0xa7000000)
  eden space 33280K, 0% used [0x91ac0000,0x91ac0000,0x93b40000)
  from space 2560K, 99% used [0x93dc0000,0x9403e1f0,0x94040000)
  to   space 2560K, 0% used [0x93b40000,0x93b40000,0x93dc0000)
 ParOldGen       total 43776K, used 9154K [0x67000000, 0x69ac0000, 0x91ac0000)
  object space 43776K, 20% used [0x67000000,0x678f0848,0x69ac0000)
 Metaspace       used 3605K, capacity 3678K, committed 3736K, reserved 4400K
}
Event: 9,561 GC heap before
{Heap before GC invocations=5 (full 0):
 PSYoungGen      total 35840K, used 35832K [0x91ac0000, 0x94040000, 0xa7000000)
  eden space 33280K, 100% used [0x91ac0000,0x93b40000,0x93b40000)
  from space 2560K, 99% used [0x93dc0000,0x9403e1f0,0x94040000)
  to   space 2560K, 0% used [0x93b40000,0x93b40000,0x93dc0000)
 ParOldGen       total 43776K, used 9154K [0x67000000, 0x69ac0000, 0x91ac0000)
  object space 43776K, 20% used [0x67000000,0x678f0848,0x69ac0000)
 Metaspace       used 3721K, capacity 3774K, committed 3864K, reserved 4400K
Event: 9,685 GC heap after
Heap after GC invocations=5 (full 0):
 PSYoungGen      total 35840K, used 2553K [0x91ac0000, 0x96ac0000, 0xa7000000)
  eden space 33280K, 0% used [0x91ac0000,0x91ac0000,0x93b40000)
  from space 2560K, 99% used [0x93b40000,0x93dbe610,0x93dc0000)
  to   space 7680K, 0% used [0x96340000,0x96340000,0x96ac0000)
 ParOldGen       total 43776K, used 14396K [0x67000000, 0x69ac0000, 0x91ac0000)
  object space 43776K, 32% used [0x67000000,0x67e0f060,0x69ac0000)
 Metaspace       used 3721K, capacity 3774K, committed 3864K, reserved 4400K
}
Event: 9,966 GC heap before
{Heap before GC invocations=6 (full 0):
 PSYoungGen      total 35840K, used 35833K [0x91ac0000, 0x96ac0000, 0xa7000000)
  eden space 33280K, 100% used [0x91ac0000,0x93b40000,0x93b40000)
  from space 2560K, 99% used [0x93b40000,0x93dbe610,0x93dc0000)
  to   space 7680K, 0% used [0x96340000,0x96340000,0x96ac0000)
 ParOldGen       total 43776K, used 14396K [0x67000000, 0x69ac0000, 0x91ac0000)
  object space 43776K, 32% used [0x67000000,0x67e0f060,0x69ac0000)
 Metaspace       used 3721K, capacity 3774K, committed 3864K, reserved 4400K
Event: 10,028 GC heap after
Heap after GC invocations=6 (full 0):
 PSYoungGen      total 71424K, used 7676K [0x91ac0000, 0x97040000, 0xa7000000)
  eden space 63744K, 0% used [0x91ac0000,0x91ac0000,0x95900000)
  from space 7680K, 99% used [0x96340000,0x96abf070,0x96ac0000)
  to   space 10496K, 0% used [0x95900000,0x95900000,0x96340000)
 ParOldGen       total 43776K, used 17839K [0x67000000, 0x69ac0000, 0x91ac0000)
  object space 43776K, 40% used [0x67000000,0x6816bcf8,0x69ac0000)
 Metaspace       used 3721K, capacity 3774K, committed 3864K, reserved 4400K
}
Event: 16,752 GC heap before
{Heap before GC invocations=7 (full 0):
 PSYoungGen      total 71424K, used 71420K [0x91ac0000, 0x97040000, 0xa7000000)
  eden space 63744K, 100% used [0x91ac0000,0x95900000,0x95900000)
  from space 7680K, 99% used [0x96340000,0x96abf070,0x96ac0000)
  to   space 10496K, 0% used [0x95900000,0x95900000,0x96340000)
 ParOldGen       total 43776K, used 17839K [0x67000000, 0x69ac0000, 0x91ac0000)
  object space 43776K, 40% used [0x67000000,0x6816bcf8,0x69ac0000)
 Metaspace       used 3914K, capacity 3942K, committed 3992K, reserved 4400K

